<?xml version="1.0" encoding="UTF-8"?>
<!-- Generated by org.testng.reporters.JUnitXMLReporter -->
<testsuite hostname="DESKTOP-1Q9C5PA" ignored="0" name="BankingApp Test" tests="2" failures="0" timestamp="11 Aug 2021 06:54:40 GMT" time="33.943" errors="0">
  <testcase name="loginTest" time="2.674" classname="com.inetBanking.testCases.TC_LoginPage_001"/>
  <testcase name="addnewCustomer" time="15.002" classname="com.inetBanking.testCases.TC_AddCustomerTest_003"/>
</testsuite> <!-- BankingApp Test -->
